<?xml version="1.0" encoding="UTF-8"?>
<!-- Generated by org.testng.reporters.JUnitXMLReporter -->
<testsuite hostname="idea-PC" ignored="0" name="Default test" tests="3" failures="0" timestamp="07 Dec 2018 18:22:40 GMT" time="133.23" errors="0">
  <testcase name="test1LoginPageTitle" time="0.381" classname="com.flipkart.test.somke.LoginPageSmokeTest"/>
  <testcase name="test2InvalidLogin" time="1.392" classname="com.flipkart.test.somke.LoginPageSmokeTest"/>
  <testcase name="test3ValidLogin" time="1.017" classname="com.flipkart.test.somke.LoginPageSmokeTest"/>
</testsuite> <!-- Default test -->
