<?xml version="1.0" encoding="UTF-8"?>
<!-- Generated by org.testng.reporters.JUnitXMLReporter -->
<testsuite hostname="idea-PC" ignored="0" name="Test" tests="4" failures="0" timestamp="11 Dec 2018 15:04:43 GMT" time="117.645" errors="0">
  <testcase name="test1LoginPageTitle" time="0.318" classname="com.flipkart.test.somke.LoginPageSmokeTest"/>
  <testcase name="test2InvalidLogin" time="1.316" classname="com.flipkart.test.somke.LoginPageSmokeTest"/>
  <testcase name="test3ValidLogin" time="1.258" classname="com.flipkart.test.somke.LoginPageSmokeTest"/>
  <testcase name="test4SearchRealme2" time="8.205" classname="com.flipkart.test.somke.Realme2Black3GB3GBTest"/>
</testsuite> <!-- Test -->
